[2024-08-13 22:24:39] [ INFO ] [DomicilioDaoH2:36] domicilio persistido Domicilio{id=2, calle='Falsa', numero=456, localidad='Cipolleti', provincia='Rio Negro'}
[2024-08-13 22:24:39] [ INFO ] [PacienteDaoH2:40] paciente persistido Paciente{id=2, apellido='Romero', nombre='Luciana', dni='56655', fechaIngreso=2024-07-16, domicilio=Domicilio{id=2, calle='Falsa', numero=456, localidad='Cipolleti', provincia='Rio Negro'}}
[2024-08-13 22:24:39] [ INFO ] [DomicilioDaoH2:83] domicilio encontrado Domicilio{id=1, calle='SIEMPRE VIVA', numero=123, localidad='CABA', provincia='BUENOS AIRES'}
[2024-08-13 22:24:39] [ INFO ] [PacienteDaoH2:89] paciente encontrado Paciente{id=1, apellido='PEREZ', nombre='JUAN', dni='45566', fechaIngreso=2024-07-15, domicilio=Domicilio{id=1, calle='SIEMPRE VIVA', numero=123, localidad='CABA', provincia='BUENOS AIRES'}}
[2024-08-13 22:27:42] [ INFO ] [PacienteDaoMemoria:18] paciente guardado Paciente{id=1, apellido='Romero', nombre='Luciana', dni='56655', fechaIngreso=2024-07-16, domicilio=Domicilio{id=1, calle='Falsa', numero=456, localidad='Cipolleti', provincia='Rio Negro'}}
[2024-08-13 22:27:42] [ INFO ] [PacienteDaoMemoria:18] paciente guardado Paciente{id=1, apellido='Romero', nombre='Luciana', dni='56655', fechaIngreso=2024-07-16, domicilio=Domicilio{id=1, calle='Falsa', numero=456, localidad='Cipolleti', provincia='Rio Negro'}}
[2024-08-13 22:27:42] [ INFO ] [PacienteDaoMemoria:31] paciente encontrado Paciente{id=1, apellido='Romero', nombre='Luciana', dni='56655', fechaIngreso=2024-07-16, domicilio=Domicilio{id=1, calle='Falsa', numero=456, localidad='Cipolleti', provincia='Rio Negro'}}
[2024-08-13 22:27:42] [ INFO ] [DomicilioDaoH2:36] domicilio persistido Domicilio{id=2, calle='Falsa', numero=456, localidad='Cipolleti', provincia='Rio Negro'}
[2024-08-13 22:27:43] [ INFO ] [PacienteDaoH2:40] paciente persistido Paciente{id=2, apellido='Romero', nombre='Luciana', dni='56655', fechaIngreso=2024-07-16, domicilio=Domicilio{id=2, calle='Falsa', numero=456, localidad='Cipolleti', provincia='Rio Negro'}}
[2024-08-13 22:27:43] [ INFO ] [DomicilioDaoH2:83] domicilio encontrado Domicilio{id=1, calle='SIEMPRE VIVA', numero=123, localidad='CABA', provincia='BUENOS AIRES'}
[2024-08-13 22:27:43] [ INFO ] [PacienteDaoH2:89] paciente encontrado Paciente{id=1, apellido='PEREZ', nombre='JUAN', dni='45566', fechaIngreso=2024-07-15, domicilio=Domicilio{id=1, calle='SIEMPRE VIVA', numero=123, localidad='CABA', provincia='BUENOS AIRES'}}
[2024-08-13 22:32:12] [ INFO ] [PacienteDaoMemoria:18] paciente guardado Paciente{id=1, apellido='Romero', nombre='Luciana', dni='56655', fechaIngreso=2024-07-16, domicilio=Domicilio{id=1, calle='Falsa', numero=456, localidad='Cipolleti', provincia='Rio Negro'}}
[2024-08-13 22:32:12] [ INFO ] [PacienteDaoMemoria:18] paciente guardado Paciente{id=1, apellido='Romero', nombre='Luciana', dni='56655', fechaIngreso=2024-07-16, domicilio=Domicilio{id=1, calle='Falsa', numero=456, localidad='Cipolleti', provincia='Rio Negro'}}
[2024-08-13 22:32:12] [ INFO ] [PacienteDaoMemoria:31] paciente encontrado Paciente{id=1, apellido='Romero', nombre='Luciana', dni='56655', fechaIngreso=2024-07-16, domicilio=Domicilio{id=1, calle='Falsa', numero=456, localidad='Cipolleti', provincia='Rio Negro'}}
[2024-08-13 22:32:14] [ INFO ] [DomicilioDaoH2:36] domicilio persistido Domicilio{id=2, calle='Falsa', numero=456, localidad='Cipolleti', provincia='Rio Negro'}
[2024-08-13 22:32:14] [ INFO ] [PacienteDaoH2:40] paciente persistido Paciente{id=2, apellido='Romero', nombre='Luciana', dni='56655', fechaIngreso=2024-07-16, domicilio=Domicilio{id=2, calle='Falsa', numero=456, localidad='Cipolleti', provincia='Rio Negro'}}
[2024-08-13 22:32:14] [ INFO ] [DomicilioDaoH2:83] domicilio encontrado Domicilio{id=1, calle='SIEMPRE VIVA', numero=123, localidad='CABA', provincia='BUENOS AIRES'}
[2024-08-13 22:32:14] [ INFO ] [PacienteDaoH2:89] paciente encontrado Paciente{id=1, apellido='PEREZ', nombre='JUAN', dni='45566', fechaIngreso=2024-07-15, domicilio=Domicilio{id=1, calle='SIEMPRE VIVA', numero=123, localidad='CABA', provincia='BUENOS AIRES'}}
[2024-08-13 22:35:45] [ ERROR] [PacienteDaoH2:93] org.h2.Driver
[2024-08-13 22:36:45] [ INFO ] [DomicilioDaoH2:83] domicilio encontrado Domicilio{id=1, calle='SIEMPRE VIVA', numero=123, localidad='CABA', provincia='BUENOS AIRES'}
[2024-08-13 22:36:45] [ INFO ] [PacienteDaoH2:89] paciente encontrado Paciente{id=1, apellido='PEREZ', nombre='JUAN', dni='45566', fechaIngreso=2024-07-15, domicilio=Domicilio{id=1, calle='SIEMPRE VIVA', numero=123, localidad='CABA', provincia='BUENOS AIRES'}}
[2024-08-13 22:38:28] [ INFO ] [PacienteDaoMemoria:18] paciente guardado Paciente{id=1, apellido='Romero', nombre='Luciana', dni='56655', fechaIngreso=2024-07-16, domicilio=Domicilio{id=1, calle='Falsa', numero=456, localidad='Cipolleti', provincia='Rio Negro'}}
[2024-08-13 22:38:28] [ INFO ] [PacienteDaoMemoria:18] paciente guardado Paciente{id=1, apellido='Romero', nombre='Luciana', dni='56655', fechaIngreso=2024-07-16, domicilio=Domicilio{id=1, calle='Falsa', numero=456, localidad='Cipolleti', provincia='Rio Negro'}}
[2024-08-13 22:38:28] [ INFO ] [PacienteDaoMemoria:31] paciente encontrado Paciente{id=1, apellido='Romero', nombre='Luciana', dni='56655', fechaIngreso=2024-07-16, domicilio=Domicilio{id=1, calle='Falsa', numero=456, localidad='Cipolleti', provincia='Rio Negro'}}
[2024-08-13 22:38:28] [ INFO ] [DomicilioDaoH2:36] domicilio persistido Domicilio{id=2, calle='Falsa', numero=456, localidad='Cipolleti', provincia='Rio Negro'}
[2024-08-13 22:38:28] [ INFO ] [PacienteDaoH2:40] paciente persistido Paciente{id=2, apellido='Romero', nombre='Luciana', dni='56655', fechaIngreso=2024-07-16, domicilio=Domicilio{id=2, calle='Falsa', numero=456, localidad='Cipolleti', provincia='Rio Negro'}}
[2024-08-13 22:38:28] [ INFO ] [DomicilioDaoH2:83] domicilio encontrado Domicilio{id=1, calle='SIEMPRE VIVA', numero=123, localidad='CABA', provincia='BUENOS AIRES'}
[2024-08-13 22:38:28] [ INFO ] [PacienteDaoH2:89] paciente encontrado Paciente{id=1, apellido='PEREZ', nombre='JUAN', dni='45566', fechaIngreso=2024-07-15, domicilio=Domicilio{id=1, calle='SIEMPRE VIVA', numero=123, localidad='CABA', provincia='BUENOS AIRES'}}
[2024-08-13 22:40:05] [ INFO ] [PacienteDaoMemoria:18] paciente guardado Paciente{id=1, apellido='Romero', nombre='Luciana', dni='56655', fechaIngreso=2024-07-16, domicilio=Domicilio{id=1, calle='Falsa', numero=456, localidad='Cipolleti', provincia='Rio Negro'}}
[2024-08-13 22:40:05] [ INFO ] [PacienteDaoMemoria:18] paciente guardado Paciente{id=1, apellido='Romero', nombre='Luciana', dni='56655', fechaIngreso=2024-07-16, domicilio=Domicilio{id=1, calle='Falsa', numero=456, localidad='Cipolleti', provincia='Rio Negro'}}
[2024-08-13 22:40:05] [ INFO ] [PacienteDaoMemoria:31] paciente encontrado Paciente{id=1, apellido='Romero', nombre='Luciana', dni='56655', fechaIngreso=2024-07-16, domicilio=Domicilio{id=1, calle='Falsa', numero=456, localidad='Cipolleti', provincia='Rio Negro'}}
[2024-08-13 22:40:06] [ INFO ] [DomicilioDaoH2:36] domicilio persistido Domicilio{id=2, calle='Falsa', numero=456, localidad='Cipolleti', provincia='Rio Negro'}
[2024-08-13 22:40:06] [ INFO ] [PacienteDaoH2:40] paciente persistido Paciente{id=2, apellido='Romero', nombre='Luciana', dni='56655', fechaIngreso=2024-07-16, domicilio=Domicilio{id=2, calle='Falsa', numero=456, localidad='Cipolleti', provincia='Rio Negro'}}
[2024-08-13 22:40:06] [ INFO ] [DomicilioDaoH2:83] domicilio encontrado Domicilio{id=1, calle='SIEMPRE VIVA', numero=123, localidad='CABA', provincia='BUENOS AIRES'}
[2024-08-13 22:40:06] [ INFO ] [PacienteDaoH2:89] paciente encontrado Paciente{id=1, apellido='PEREZ', nombre='JUAN', dni='45566', fechaIngreso=2024-07-15, domicilio=Domicilio{id=1, calle='SIEMPRE VIVA', numero=123, localidad='CABA', provincia='BUENOS AIRES'}}
[2024-08-13 22:40:21] [ INFO ] [DomicilioDaoH2:83] domicilio encontrado Domicilio{id=1, calle='SIEMPRE VIVA', numero=123, localidad='CABA', provincia='BUENOS AIRES'}
[2024-08-13 22:40:21] [ INFO ] [PacienteDaoH2:89] paciente encontrado Paciente{id=1, apellido='PEREZ', nombre='JUAN', dni='45566', fechaIngreso=2024-07-15, domicilio=Domicilio{id=1, calle='SIEMPRE VIVA', numero=123, localidad='CABA', provincia='BUENOS AIRES'}}
[2024-08-13 22:40:47] [ INFO ] [DomicilioDaoH2:83] domicilio encontrado Domicilio{id=1, calle='SIEMPRE VIVA', numero=123, localidad='CABA', provincia='BUENOS AIRES'}
[2024-08-13 22:40:47] [ INFO ] [PacienteDaoH2:89] paciente encontrado Paciente{id=1, apellido='PEREZ', nombre='JUAN', dni='45566', fechaIngreso=2024-07-15, domicilio=Domicilio{id=1, calle='SIEMPRE VIVA', numero=123, localidad='CABA', provincia='BUENOS AIRES'}}
[2024-08-13 22:40:59] [ INFO ] [DomicilioDaoH2:83] domicilio encontrado Domicilio{id=1, calle='SIEMPRE VIVA', numero=123, localidad='CABA', provincia='BUENOS AIRES'}
[2024-08-13 22:40:59] [ INFO ] [PacienteDaoH2:89] paciente encontrado Paciente{id=1, apellido='PEREZ', nombre='JUAN', dni='45566', fechaIngreso=2024-07-15, domicilio=Domicilio{id=1, calle='SIEMPRE VIVA', numero=123, localidad='CABA', provincia='BUENOS AIRES'}}
[2024-08-15 21:01:29] [ INFO ] [DomicilioDaoH2:36] domicilio persistido Domicilio{id=2, calle='Falsa', numero=456, localidad='Cipolleti', provincia='Rio Negro'}
[2024-08-15 21:01:29] [ INFO ] [PacienteDaoH2:40] paciente persistido Paciente{id=2, apellido='Romero', nombre='Luciana', dni='56655', fechaIngreso=2024-07-16, domicilio=Domicilio{id=2, calle='Falsa', numero=456, localidad='Cipolleti', provincia='Rio Negro'}}
[2024-08-15 21:01:29] [ INFO ] [DomicilioDaoH2:83] domicilio encontrado Domicilio{id=1, calle='SIEMPRE VIVA', numero=123, localidad='CABA', provincia='BUENOS AIRES'}
[2024-08-15 21:01:29] [ INFO ] [PacienteDaoH2:89] paciente encontrado Paciente{id=1, apellido='PEREZ', nombre='JUAN', dni='45566', fechaIngreso=2024-07-15, domicilio=Domicilio{id=1, calle='SIEMPRE VIVA', numero=123, localidad='CABA', provincia='BUENOS AIRES'}}
